# JRE version: Java(TM) SE Runtime Environment (11.0.3+12) (build 11.0.3+12-LTS)
# Java VM: Java HotSpot(TM) 64-Bit Server VM (11.0.3+12-LTS, mixed mode, tiered, compressed oops, g1 gc, windows-amd64)
Heap:
 garbage-first heap   total 129024K, used 34980K [0x0000000082000000, 0x0000000100000000)
  region size 1024K, 24 young (24576K), 2 survivors (2048K)
 Metaspace       used 29824K, capacity 30685K, committed 30768K, reserved 1075200K
  class space    used 3786K, capacity 4182K, committed 4224K, reserved 1048576K
GC Heap History (6 events):
Event: 1.930 GC heap before
{Heap before GC invocations=0 (full 0):
 garbage-first heap   total 129024K, used 16384K [0x0000000082000000, 0x0000000100000000)
  region size 1024K, 14 young (14336K), 0 survivors (0K)
 Metaspace       used 8765K, capacity 8989K, committed 9216K, reserved 1056768K
  class space    used 854K, capacity 977K, committed 1024K, reserved 1048576K
}
Event: 1.933 GC heap after
{Heap after GC invocations=1 (full 0):
 garbage-first heap   total 129024K, used 6796K [0x0000000082000000, 0x0000000100000000)
  region size 1024K, 2 young (2048K), 2 survivors (2048K)
 Metaspace       used 8765K, capacity 8989K, committed 9216K, reserved 1056768K
  class space    used 854K, capacity 977K, committed 1024K, reserved 1048576K
}
Event: 5.079 GC heap before
{Heap before GC invocations=1 (full 0):
 garbage-first heap   total 129024K, used 25228K [0x0000000082000000, 0x0000000100000000)
  region size 1024K, 21 young (21504K), 2 survivors (2048K)
 Metaspace       used 20661K, capacity 21193K, committed 21296K, reserved 1069056K
  class space    used 2400K, capacity 2626K, committed 2688K, reserved 1048576K
}
Event: 5.087 GC heap after
{Heap after GC invocations=2 (full 0):
 garbage-first heap   total 129024K, used 9279K [0x0000000082000000, 0x0000000100000000)
  region size 1024K, 5 young (5120K), 5 survivors (5120K)
 Metaspace       used 20661K, capacity 21193K, committed 21296K, reserved 1069056K
  class space    used 2400K, capacity 2626K, committed 2688K, reserved 1048576K
}
Event: 5.809 GC heap before
{Heap before GC invocations=3 (full 0):
 garbage-first heap   total 129024K, used 25663K [0x0000000082000000, 0x0000000100000000)
  region size 1024K, 21 young (21504K), 5 survivors (5120K)
 Metaspace       used 24828K, capacity 25488K, committed 25648K, reserved 1071104K
  class space    used 3076K, capacity 3380K, committed 3456K, reserved 1048576K
}
Event: 5.818 GC heap after
{Heap after GC invocations=4 (full 0):
 garbage-first heap   total 129024K, used 11428K [0x0000000082000000, 0x0000000100000000)
  region size 1024K, 2 young (2048K), 2 survivors (2048K)
 Metaspace       used 24828K, capacity 25488K, committed 25648K, reserved 1071104K
  class space    used 3076K, capacity 3380K, committed 3456K, reserved 1048576K
}

